#-----------------------------------------------------------
# Vivado v2016.2 (64-bit)
# SW Build 1577090 on Thu Jun  2 16:32:40 MDT 2016
# IP Build 1577682 on Fri Jun  3 12:00:54 MDT 2016
# Start of session at: Mon Apr 01 15:02:09 2019
# Process ID: 13204
# Current directory: E:/ENEL373/Project/mine
# Command line: vivado.exe -gui_launcher_event rodinguilauncherevent15892 E:\ENEL373\Project\mine\main_project.xpr
# Log file: E:/ENEL373/Project/mine/vivado.log
# Journal file: E:/ENEL373/Project/mine\vivado.jou
#-----------------------------------------------------------
INFO: [Common 17-724] Xilinx Tcl Store apps are automatically updated.
start_gui
open_project E:/ENEL373/Project/mine/main_project.xpr
Scanning sources...
Finished scanning sources
INFO: [IP_Flow 19-234] Refreshing IP repositories
INFO: [IP_Flow 19-1704] No user IP repositories specified
INFO: [IP_Flow 19-2313] Loaded Vivado IP repository 'C:/Xilinx/Vivado/2016.2/data/ip'.
open_project: Time (s): cpu = 00:00:11 ; elapsed = 00:00:10 . Memory (MB): peak = 773.922 ; gain = 114.484
update_compile_order -fileset sources_1
exit
INFO: [Common 17-206] Exiting Vivado at Mon Apr 01 15:22:28 2019...
